<?xml version="1.0" encoding="UTF-8"?>
<testsuites name="jest tests" tests="2" failures="0" time="13.596">
  <testsuite name="provisioning list catalog-templates" errors="0" failures="0" skipped="0" timestamp="2019-04-24T06:33:15" time="13.447" tests="2">
    <testcase classname="provisioning list catalog-templates should display template catalog" name="provisioning list catalog-templates should display template catalog" time="4.603">
    </testcase>
    <testcase classname="provisioning list catalog-templates without profiles should display template catalog" name="provisioning list catalog-templates without profiles should display template catalog" time="4.741">
    </testcase>
  </testsuite>
</testsuites>